<?xml version="1.0" encoding="UTF-8"?>
<!-- Generated by org.testng.reporters.JUnitXMLReporter -->
<testsuite hostname="Rishis-MacBook-Pro.local" ignored="0" name="SmokeTest - Chrome Browser" tests="2" failures="0" timestamp="2021-07-07T19:44:07 IST" time="41.392" errors="0">
  <testcase name="scenario" time="34.336" classname="WebdriverBase.CustomAbstractTestNGCucumberRunner"/>
  <testcase name="scenario" time="35.546" classname="WebdriverBase.CustomAbstractTestNGCucumberRunner"/>
</testsuite> <!-- SmokeTest - Chrome Browser -->
