<?xml version="1.0" encoding="UTF-8"?>
<!-- Generated by org.testng.reporters.JUnitXMLReporter -->
<testsuite hostname="Rishis-MacBook-Pro.local" ignored="0" name="SmokeTest - Firefox Browser" tests="2" failures="0" timestamp="2021-06-25T18:51:05 IST" time="56.156" errors="0">
  <testcase name="scenario" time="50.072" classname="WebdriverBase.CustomAbstractTestNGCucumberRunner"/>
  <testcase name="scenario" time="5.466" classname="WebdriverBase.CustomAbstractTestNGCucumberRunner"/>
</testsuite> <!-- SmokeTest - Firefox Browser -->
