<?xml version="1.0" encoding="UTF-8"?>
<!-- Generated by org.testng.reporters.JUnitXMLReporter -->
<testsuite hostname="Rishis-MacBook-Pro.local" ignored="0" name="SmokeTest - Chrome Browser" tests="2" failures="1" timestamp="2021-07-09T19:05:04 IST" time="29.905" errors="0">
  <testcase name="scenario" time="13.115" classname="WebdriverBase.CustomAbstractTestNGCucumberRunner"/>
  <testcase name="scenario" time="22.868" classname="WebdriverBase.CustomAbstractTestNGCucumberRunner">
    <failure type="org.openqa.selenium.ElementNotInteractableException" message="element not interactable
  (Session info: chrome=91.0.4472.114)
Build info: version: &amp;apos;3.141.59&amp;apos;, revision: &amp;apos;e82be7d358&amp;apos;, time: &amp;apos;2018-11-14T08:17:03&amp;apos;
System info: host: &amp;apos;Rishis-MacBook-Pro.local&amp;apos;, ip: &amp;apos;2405:201:d001:6bfe:8918:6e7d:26ec:d048%en0&amp;apos;, os.name: &amp;apos;Mac OS X&amp;apos;, os.arch: &amp;apos;x86_64&amp;apos;, os.version: &amp;apos;10.14.6&amp;apos;, java.version: &amp;apos;1.8.0_221&amp;apos;
Driver info: org.openqa.selenium.chrome.ChromeDriver
Capabilities {acceptInsecureCerts: true, browserName: chrome, browserVersion: 91.0.4472.114, chrome: {chromedriverVersion: 91.0.4472.101 (af52a90bf870..., userDataDir: /var/folders/fc/c6v4v0jx4sl...}, goog:chromeOptions: {debuggerAddress: localhost:55435}, javascriptEnabled: true, networkConnectionEnabled: false, pageLoadStrategy: normal, platform: MAC, platformName: MAC, proxy: Proxy(), setWindowRect: true, strictFileInteractability: false, timeouts: {implicit: 0, pageLoad: 300000, script: 30000}, unhandledPromptBehavior: accept, webauthn:extension:largeBlob: true, webauthn:virtualAuthenticators: true}
Session ID: 3ca06f2a6f9aac4e31d93f6084e4a47f">
      <![CDATA[org.openqa.selenium.ElementNotInteractableException: element not interactable
  (Session info: chrome=91.0.4472.114)
Build info: version: '3.141.59', revision: 'e82be7d358', time: '2018-11-14T08:17:03'
System info: host: 'Rishis-MacBook-Pro.local', ip: '2405:201:d001:6bfe:8918:6e7d:26ec:d048%en0', os.name: 'Mac OS X', os.arch: 'x86_64', os.version: '10.14.6', java.version: '1.8.0_221'
Driver info: org.openqa.selenium.chrome.ChromeDriver
Capabilities {acceptInsecureCerts: true, browserName: chrome, browserVersion: 91.0.4472.114, chrome: {chromedriverVersion: 91.0.4472.101 (af52a90bf870..., userDataDir: /var/folders/fc/c6v4v0jx4sl...}, goog:chromeOptions: {debuggerAddress: localhost:55435}, javascriptEnabled: true, networkConnectionEnabled: false, pageLoadStrategy: normal, platform: MAC, platformName: MAC, proxy: Proxy(), setWindowRect: true, strictFileInteractability: false, timeouts: {implicit: 0, pageLoad: 300000, script: 30000}, unhandledPromptBehavior: accept, webauthn:extension:largeBlob: true, webauthn:virtualAuthenticators: true}
Session ID: 3ca06f2a6f9aac4e31d93f6084e4a47f
at org.openqa.selenium.remote.http.W3CHttpResponseCodec.createException(W3CHttpResponseCodec.java:187)
at org.openqa.selenium.remote.http.W3CHttpResponseCodec.decode(W3CHttpResponseCodec.java:122)
at org.openqa.selenium.remote.http.W3CHttpResponseCodec.decode(W3CHttpResponseCodec.java:49)
at org.openqa.selenium.remote.HttpCommandExecutor.execute(HttpCommandExecutor.java:158)
at org.openqa.selenium.remote.service.DriverCommandExecutor.execute(DriverCommandExecutor.java:83)
at org.openqa.selenium.remote.RemoteWebDriver.execute(RemoteWebDriver.java:552)
at org.openqa.selenium.remote.RemoteWebElement.execute(RemoteWebElement.java:285)
at org.openqa.selenium.remote.RemoteWebElement.sendKeys(RemoteWebElement.java:106)
at org.openqa.selenium.support.pagefactory.internal.LocatingElementHandler.invoke(LocatingElementHandler.java:51)
at com.sun.proxy.$Proxy23.sendKeys(Unknown Source)
at webpages.LoginPage.setPassword(LoginPage.java:44)
at stepdefinition.LoginWorkflow.user_enter_incorrect_password(LoginWorkflow.java:49)
at ✽.User enter incorrect password(file:///Users/rishikhanna/Documents/cucumber/shopping/src/main/java/feature/LoginTest.feature:11)
... Removed 8 stack frames]]>
    </failure>
  </testcase> <!-- scenario -->
</testsuite> <!-- SmokeTest - Chrome Browser -->
