<?xml version="1.0" encoding="UTF-8"?>
<testsuite xmlns:xsi="http://www.w3.org/2001/XMLSchema-instance" xsi:noNamespaceSchemaLocation="https://maven.apache.org/surefire/maven-surefire-plugin/xsd/surefire-test-report-3.0.xsd" version="3.0" name="TestSuite" time="72.875" tests="1" errors="0" skipped="0" failures="1">
  <properties>
[...]
</properties>
  <testcase name="scenario[&quot;Password Reset Test&quot;, &quot;Optional[Login Verification]&quot;](1)" classname="com.cucumber.amazon.shopping.TestRunner" time="55.942">
    <failure message="Timed out after 30 seconds. Unable to locate the element" type="org.openqa.selenium.NoSuchElementException"><![CDATA[org.openqa.selenium.NoSuchElementException: Timed out after 30 seconds. Unable to locate the element
Caused by: org.openqa.selenium.InvalidSelectorException: 
invalid selector: Unable to locate an element with the xpath expression //a[contains(text(),'Forgot Password')]] because of the following error:
SyntaxError: Failed to execute 'evaluate' on 'Document': The string '//a[contains(text(),'Forgot Password')]]' is not a valid XPath expression.
  (Session info: chrome=91.0.4472.114)
For documentation on this error, please visit: https://www.seleniumhq.org/exceptions/invalid_selector_exception.html
Build info: version: '3.141.59', revision: 'e82be7d358', time: '2018-11-14T08:17:03'
System info: host: 'Rishis-MacBook-Pro.local', ip: '2405:201:d001:6bfe:29a0:1274:50ae:dd14%en0', os.name: 'Mac OS X', os.arch: 'x86_64', os.version: '10.14.6', java.version: '1.8.0_221'
Driver info: org.openqa.selenium.chrome.ChromeDriver
Capabilities {acceptInsecureCerts: true, browserName: chrome, browserVersion: 91.0.4472.114, chrome: {chromedriverVersion: 91.0.4472.101 (af52a90bf870..., userDataDir: /var/folders/fc/c6v4v0jx4sl...}, goog:chromeOptions: {debuggerAddress: localhost:53522}, javascriptEnabled: true, networkConnectionEnabled: false, pageLoadStrategy: normal, platform: MAC, platformName: MAC, proxy: Proxy(), setWindowRect: true, strictFileInteractability: false, timeouts: {implicit: 0, pageLoad: 300000, script: 30000}, unhandledPromptBehavior: accept, webauthn:extension:largeBlob: true, webauthn:virtualAuthenticators: true}
Session ID: 97db9539b2509541a18b2ee9f1211c80
*** Element info: {Using=xpath, value=//a[contains(text(),'Forgot Password')]]}
]]></failure>
    <system-err><![CDATA[Jun 29, 2021 3:51:30 PM WebdriverBase.GridDriverManager setPlatform
INFO: Successfully set the Platform as: mac
Jun 29, 2021 3:51:30 PM WebdriverBase.GridDriverManager setDriverLocation
INFO: Successfully Set the driver locations
Jun 29, 2021 3:51:30 PM io.cucumber.testng.TestNGCucumberOptionsProvider warnWhenJUnitCucumberOptionsAreUsed
WARNING: Ignoring options provided by io.cucumber.junit.CucumberOptions on com.cucumber.amazon.shopping.TestRunner. It is recommend to use separate runner classes for JUnit and TestNG.
Jun 29, 2021 3:51:36 PM listeners.TestListeners onTestStart
INFO: scenariotest has started
Starting ChromeDriver 91.0.4472.101 (af52a90bf87030dd1523486a1cd3ae25c5d76c9b-refs/branch-heads/4472@{#1462}) on port 16622
Only local connections are allowed.
Please see https://chromedriver.chromium.org/security-considerations for suggestions on keeping ChromeDriver safe.
ChromeDriver was started successfully.
Jun 29, 2021 3:51:48 PM org.openqa.selenium.remote.ProtocolHandshake createSession
INFO: Detected dialect: W3C
]]></system-err>
  </testcase>
</testsuite>