<?xml version="1.0" encoding="UTF-8"?>
<testng-results skipped="0" failed="1" ignored="0" total="2" passed="1">
  <reporter-output>
  </reporter-output>
  <suite name="Suite" duration-ms="29905" started-at="2021-07-09T19:04:29 IST" finished-at="2021-07-09T19:04:59 IST">
    <groups>
      <group name="smoke">
        <method signature="CustomAbstractTestNGCucumberRunner.scenario(io.cucumber.testng.PickleWrapper,io.cucumber.testng.FeatureWrapper)[pri:0, instance:com.cucumber.amazon.shopping.TestRunner@2bbaf4f0]" name="scenario" class="WebdriverBase.CustomAbstractTestNGCucumberRunner"/>
      </group> <!-- smoke -->
    </groups>
    <test name="SmokeTest - Chrome Browser" duration-ms="29905" started-at="2021-07-09T19:04:29 IST" finished-at="2021-07-09T19:04:59 IST">
      <class name="com.cucumber.amazon.shopping.TestRunner">
        <test-method status="PASS" signature="initServer()[pri:0, instance:com.cucumber.amazon.shopping.TestRunner@2bbaf4f0]" name="initServer" is-config="true" duration-ms="49" started-at="2021-07-09T19:04:29 IST" finished-at="2021-07-09T19:04:29 IST">
          <reporter-output>
          </reporter-output>
        </test-method> <!-- initServer -->
        <test-method status="PASS" signature="setUpClass()[pri:0, instance:com.cucumber.amazon.shopping.TestRunner@2bbaf4f0]" name="setUpClass" is-config="true" duration-ms="464" started-at="2021-07-09T19:04:29 IST" finished-at="2021-07-09T19:04:30 IST">
          <reporter-output>
          </reporter-output>
        </test-method> <!-- setUpClass -->
        <test-method status="PASS" signature="scenario(io.cucumber.testng.PickleWrapper,io.cucumber.testng.FeatureWrapper)[pri:0, instance:com.cucumber.amazon.shopping.TestRunner@2bbaf4f0]" name="scenario" duration-ms="13115" started-at="2021-07-09T19:04:30 IST" description="Runs Cucumber Scenarios" data-provider="scenarios" finished-at="2021-07-09T19:04:43 IST">
          <params>
            <param index="0">
              <value>
                <![CDATA["Invalid Login Test"]]>
              </value>
            </param>
            <param index="1">
              <value>
                <![CDATA["Optional[Login Verification]"]]>
              </value>
            </param>
          </params>
          <reporter-output>
          </reporter-output>
        </test-method> <!-- scenario -->
        <test-method status="FAIL" signature="scenario(io.cucumber.testng.PickleWrapper,io.cucumber.testng.FeatureWrapper)[pri:0, instance:com.cucumber.amazon.shopping.TestRunner@2bbaf4f0]" name="scenario" duration-ms="22868" started-at="2021-07-09T19:04:30 IST" description="Runs Cucumber Scenarios" data-provider="scenarios" finished-at="2021-07-09T19:04:52 IST">
          <params>
            <param index="0">
              <value>
                <![CDATA["Invalid Login Test"]]>
              </value>
            </param>
            <param index="1">
              <value>
                <![CDATA["Optional[Login Verification]"]]>
              </value>
            </param>
          </params>
          <exception class="org.openqa.selenium.ElementNotInteractableException">
            <message>
              <![CDATA[element not interactable
  (Session info: chrome=91.0.4472.114)
Build info: version: '3.141.59', revision: 'e82be7d358', time: '2018-11-14T08:17:03'
System info: host: 'Rishis-MacBook-Pro.local', ip: '2405:201:d001:6bfe:8918:6e7d:26ec:d048%en0', os.name: 'Mac OS X', os.arch: 'x86_64', os.version: '10.14.6', java.version: '1.8.0_221'
Driver info: org.openqa.selenium.chrome.ChromeDriver
Capabilities {acceptInsecureCerts: true, browserName: chrome, browserVersion: 91.0.4472.114, chrome: {chromedriverVersion: 91.0.4472.101 (af52a90bf870..., userDataDir: /var/folders/fc/c6v4v0jx4sl...}, goog:chromeOptions: {debuggerAddress: localhost:55435}, javascriptEnabled: true, networkConnectionEnabled: false, pageLoadStrategy: normal, platform: MAC, platformName: MAC, proxy: Proxy(), setWindowRect: true, strictFileInteractability: false, timeouts: {implicit: 0, pageLoad: 300000, script: 30000}, unhandledPromptBehavior: accept, webauthn:extension:largeBlob: true, webauthn:virtualAuthenticators: true}
Session ID: 3ca06f2a6f9aac4e31d93f6084e4a47f]]>
            </message>
            <full-stacktrace>
              <![CDATA[org.openqa.selenium.ElementNotInteractableException: element not interactable
  (Session info: chrome=91.0.4472.114)
Build info: version: '3.141.59', revision: 'e82be7d358', time: '2018-11-14T08:17:03'
System info: host: 'Rishis-MacBook-Pro.local', ip: '2405:201:d001:6bfe:8918:6e7d:26ec:d048%en0', os.name: 'Mac OS X', os.arch: 'x86_64', os.version: '10.14.6', java.version: '1.8.0_221'
Driver info: org.openqa.selenium.chrome.ChromeDriver
Capabilities {acceptInsecureCerts: true, browserName: chrome, browserVersion: 91.0.4472.114, chrome: {chromedriverVersion: 91.0.4472.101 (af52a90bf870..., userDataDir: /var/folders/fc/c6v4v0jx4sl...}, goog:chromeOptions: {debuggerAddress: localhost:55435}, javascriptEnabled: true, networkConnectionEnabled: false, pageLoadStrategy: normal, platform: MAC, platformName: MAC, proxy: Proxy(), setWindowRect: true, strictFileInteractability: false, timeouts: {implicit: 0, pageLoad: 300000, script: 30000}, unhandledPromptBehavior: accept, webauthn:extension:largeBlob: true, webauthn:virtualAuthenticators: true}
Session ID: 3ca06f2a6f9aac4e31d93f6084e4a47f
at sun.reflect.NativeConstructorAccessorImpl.newInstance0(Native Method)
at sun.reflect.NativeConstructorAccessorImpl.newInstance(NativeConstructorAccessorImpl.java:62)
at sun.reflect.DelegatingConstructorAccessorImpl.newInstance(DelegatingConstructorAccessorImpl.java:45)
at java.lang.reflect.Constructor.newInstance(Constructor.java:423)
at org.openqa.selenium.remote.http.W3CHttpResponseCodec.createException(W3CHttpResponseCodec.java:187)
at org.openqa.selenium.remote.http.W3CHttpResponseCodec.decode(W3CHttpResponseCodec.java:122)
at org.openqa.selenium.remote.http.W3CHttpResponseCodec.decode(W3CHttpResponseCodec.java:49)
at org.openqa.selenium.remote.HttpCommandExecutor.execute(HttpCommandExecutor.java:158)
at org.openqa.selenium.remote.service.DriverCommandExecutor.execute(DriverCommandExecutor.java:83)
at org.openqa.selenium.remote.RemoteWebDriver.execute(RemoteWebDriver.java:552)
at org.openqa.selenium.remote.RemoteWebElement.execute(RemoteWebElement.java:285)
at org.openqa.selenium.remote.RemoteWebElement.sendKeys(RemoteWebElement.java:106)
at sun.reflect.NativeMethodAccessorImpl.invoke0(Native Method)
at sun.reflect.NativeMethodAccessorImpl.invoke(NativeMethodAccessorImpl.java:62)
at sun.reflect.DelegatingMethodAccessorImpl.invoke(DelegatingMethodAccessorImpl.java:43)
at java.lang.reflect.Method.invoke(Method.java:498)
at org.openqa.selenium.support.pagefactory.internal.LocatingElementHandler.invoke(LocatingElementHandler.java:51)
at com.sun.proxy.$Proxy23.sendKeys(Unknown Source)
at webpages.LoginPage.setPassword(LoginPage.java:44)
at stepdefinition.LoginWorkflow.user_enter_incorrect_password(LoginWorkflow.java:49)
at ✽.User enter incorrect password(file:///Users/rishikhanna/Documents/cucumber/shopping/src/main/java/feature/LoginTest.feature:11)
]]>
            </full-stacktrace>
          </exception> <!-- org.openqa.selenium.ElementNotInteractableException -->
          <reporter-output>
          </reporter-output>
        </test-method> <!-- scenario -->
        <test-method status="PASS" signature="captureScreenshot(org.testng.ITestResult)[pri:0, instance:com.cucumber.amazon.shopping.TestRunner@2bbaf4f0]" name="captureScreenshot" is-config="true" duration-ms="2" started-at="2021-07-09T19:04:43 IST" finished-at="2021-07-09T19:04:43 IST">
          <params>
            <param index="0">
              <value>
                <![CDATA[[TestResult name=scenario status=SUCCESS method=CustomAbstractTestNGCucumberRunner.scenario(io.cucumber.testng.PickleWrapper,io.cucumber.testng.FeatureWrapper)[pri:0, instance:com.cucumber.amazon.shopping.TestRunner@2bbaf4f0] output={null}]]]>
              </value>
            </param>
          </params>
          <reporter-output>
          </reporter-output>
        </test-method> <!-- captureScreenshot -->
        <test-method status="PASS" signature="captureScreenshot(org.testng.ITestResult)[pri:0, instance:com.cucumber.amazon.shopping.TestRunner@2bbaf4f0]" name="captureScreenshot" is-config="true" duration-ms="6425" started-at="2021-07-09T19:04:52 IST" finished-at="2021-07-09T19:04:59 IST">
          <params>
            <param index="0">
              <value>
                <![CDATA[[TestResult name=scenario status=FAILURE method=CustomAbstractTestNGCucumberRunner.scenario(io.cucumber.testng.PickleWrapper,io.cucumber.testng.FeatureWrapper)[pri:0, instance:com.cucumber.amazon.shopping.TestRunner@2bbaf4f0] output={null}]]]>
              </value>
            </param>
          </params>
          <reporter-output>
          </reporter-output>
        </test-method> <!-- captureScreenshot -->
        <test-method status="PASS" signature="tearDownClass()[pri:0, instance:com.cucumber.amazon.shopping.TestRunner@2bbaf4f0]" name="tearDownClass" is-config="true" duration-ms="115" started-at="2021-07-09T19:04:59 IST" finished-at="2021-07-09T19:04:59 IST">
          <reporter-output>
          </reporter-output>
        </test-method> <!-- tearDownClass -->
        <test-method status="PASS" signature="tearDown()[pri:0, instance:com.cucumber.amazon.shopping.TestRunner@2bbaf4f0]" name="tearDown" is-config="true" duration-ms="390" started-at="2021-07-09T19:05:04 IST" finished-at="2021-07-09T19:05:04 IST">
          <reporter-output>
          </reporter-output>
        </test-method> <!-- tearDown -->
      </class> <!-- com.cucumber.amazon.shopping.TestRunner -->
    </test> <!-- SmokeTest - Chrome Browser -->
  </suite> <!-- Suite -->
</testng-results>
