<?xml version="1.0" encoding="UTF-8"?>
<testsuite xmlns:xsi="http://www.w3.org/2001/XMLSchema-instance" xsi:noNamespaceSchemaLocation="https://maven.apache.org/surefire/maven-surefire-plugin/xsd/surefire-test-report-3.0.xsd" version="3.0" name="TestSuite" time="40.745" tests="2" errors="0" skipped="0" failures="1">
  <properties>
[...]
</properties>
  <testcase name="scenario[&quot;Invalid Login Test&quot;, &quot;Optional[Login Verification]&quot;](1)" classname="com.cucumber.amazon.shopping.TestRunner" time="13.168">
    <system-out><![CDATA[
@regression
Scenario Outline: Invalid Login Test                            # src/main/java/feature/LoginTest.feature:19

@regression
Scenario Outline: Invalid Login Test                          # src/main/java/feature/LoginTest.feature:18
  Given Navigate To Loginpage                                 # stepdefinition.LoginWorkflow.navigate_to_loginpage()
  When User enter correct username "bhavs62.tandon@gmail.com" # stepdefinition.LoginWorkflow.user_enter_correct_username(java.lang.String)
  Given Navigate To Loginpage                                   # stepdefinition.LoginWorkflow.navigate_to_loginpage()
  When User enter correct username "rishi.khanna7868@gmail.com" # stepdefinition.LoginWorkflow.user_enter_correct_username(java.lang.String)
  And User enter incorrect password                           # stepdefinition.LoginWorkflow.user_enter_incorrect_password()
  Then Message displayed Wrong UserName & Password            # stepdefinition.LoginWorkflow.message_displayed_wrong_user_name_password()
  And User is not logged-in.                                  # stepdefinition.LoginWorkflow.user_is_not_logged_in()
]]></system-out>
    <system-err><![CDATA[Jul 09, 2021 7:04:29 PM WebdriverBase.GridDriverManager setPlatform
INFO: Successfully set the Platform as: mac
Jul 09, 2021 7:04:29 PM WebdriverBase.GridDriverManager setDriverLocation
INFO: Successfully Set the driver locations
Jul 09, 2021 7:04:29 PM io.cucumber.testng.TestNGCucumberOptionsProvider warnWhenJUnitCucumberOptionsAreUsed
WARNING: Ignoring options provided by io.cucumber.junit.CucumberOptions on com.cucumber.amazon.shopping.TestRunner. It is recommend to use separate runner classes for JUnit and TestNG.
Jul 09, 2021 7:04:30 PM listeners.TestListeners onTestStart
INFO: scenariotest has started
Jul 09, 2021 7:04:30 PM listeners.TestListeners onTestStart
INFO: scenariotest has started
Starting ChromeDriver 91.0.4472.101 (af52a90bf87030dd1523486a1cd3ae25c5d76c9b-refs/branch-heads/4472@{#1462}) on port 22811
Only local connections are allowed.
Please see https://chromedriver.chromium.org/security-considerations for suggestions on keeping ChromeDriver safe.
ChromeDriver was started successfully.
Jul 09, 2021 7:04:32 PM org.openqa.selenium.remote.ProtocolHandshake createSession
INFO: Detected dialect: W3C
Starting ChromeDriver 91.0.4472.101 (af52a90bf87030dd1523486a1cd3ae25c5d76c9b-refs/branch-heads/4472@{#1462}) on port 17734
Only local connections are allowed.
Please see https://chromedriver.chromium.org/security-considerations for suggestions on keeping ChromeDriver safe.
ChromeDriver was started successfully.
Jul 09, 2021 7:04:34 PM org.openqa.selenium.remote.ProtocolHandshake createSession
INFO: Detected dialect: W3C
Jul 09, 2021 7:04:43 PM listeners.TestListeners onTestSuccess
INFO: scenariotest is passed
]]></system-err>
  </testcase>
  <testcase name="scenario[&quot;Invalid Login Test&quot;, &quot;Optional[Login Verification]&quot;](2)" classname="com.cucumber.amazon.shopping.TestRunner" time="22.878">
    <failure message="element not interactable&#10;  (Session info: chrome=91.0.4472.114)&#10;Build info: version: &apos;3.141.59&apos;, revision: &apos;e82be7d358&apos;, time: &apos;2018-11-14T08:17:03&apos;&#10;System info: host: &apos;Rishis-MacBook-Pro.local&apos;, ip: &apos;2405:201:d001:6bfe:8918:6e7d:26ec:d048%en0&apos;, os.name: &apos;Mac OS X&apos;, os.arch: &apos;x86_64&apos;, os.version: &apos;10.14.6&apos;, java.version: &apos;1.8.0_221&apos;&#10;Driver info: org.openqa.selenium.chrome.ChromeDriver&#10;Capabilities {acceptInsecureCerts: true, browserName: chrome, browserVersion: 91.0.4472.114, chrome: {chromedriverVersion: 91.0.4472.101 (af52a90bf870..., userDataDir: /var/folders/fc/c6v4v0jx4sl...}, goog:chromeOptions: {debuggerAddress: localhost:55435}, javascriptEnabled: true, networkConnectionEnabled: false, pageLoadStrategy: normal, platform: MAC, platformName: MAC, proxy: Proxy(), setWindowRect: true, strictFileInteractability: false, timeouts: {implicit: 0, pageLoad: 300000, script: 30000}, unhandledPromptBehavior: accept, webauthn:extension:largeBlob: true, webauthn:virtualAuthenticators: true}&#10;Session ID: 3ca06f2a6f9aac4e31d93f6084e4a47f" type="org.openqa.selenium.ElementNotInteractableException"><![CDATA[org.openqa.selenium.ElementNotInteractableException: 
element not interactable
  (Session info: chrome=91.0.4472.114)
Build info: version: '3.141.59', revision: 'e82be7d358', time: '2018-11-14T08:17:03'
System info: host: 'Rishis-MacBook-Pro.local', ip: '2405:201:d001:6bfe:8918:6e7d:26ec:d048%en0', os.name: 'Mac OS X', os.arch: 'x86_64', os.version: '10.14.6', java.version: '1.8.0_221'
Driver info: org.openqa.selenium.chrome.ChromeDriver
Capabilities {acceptInsecureCerts: true, browserName: chrome, browserVersion: 91.0.4472.114, chrome: {chromedriverVersion: 91.0.4472.101 (af52a90bf870..., userDataDir: /var/folders/fc/c6v4v0jx4sl...}, goog:chromeOptions: {debuggerAddress: localhost:55435}, javascriptEnabled: true, networkConnectionEnabled: false, pageLoadStrategy: normal, platform: MAC, platformName: MAC, proxy: Proxy(), setWindowRect: true, strictFileInteractability: false, timeouts: {implicit: 0, pageLoad: 300000, script: 30000}, unhandledPromptBehavior: accept, webauthn:extension:largeBlob: true, webauthn:virtualAuthenticators: true}
Session ID: 3ca06f2a6f9aac4e31d93f6084e4a47f
]]></failure>
    <system-out><![CDATA[  And User enter incorrect password                             # stepdefinition.LoginWorkflow.user_enter_incorrect_password()
      org.openqa.selenium.ElementNotInteractableException: element not interactable
  (Session info: chrome=91.0.4472.114)
Build info: version: '3.141.59', revision: 'e82be7d358', time: '2018-11-14T08:17:03'
System info: host: 'Rishis-MacBook-Pro.local', ip: '2405:201:d001:6bfe:8918:6e7d:26ec:d048%en0', os.name: 'Mac OS X', os.arch: 'x86_64', os.version: '10.14.6', java.version: '1.8.0_221'
Driver info: org.openqa.selenium.chrome.ChromeDriver
Capabilities {acceptInsecureCerts: true, browserName: chrome, browserVersion: 91.0.4472.114, chrome: {chromedriverVersion: 91.0.4472.101 (af52a90bf870..., userDataDir: /var/folders/fc/c6v4v0jx4sl...}, goog:chromeOptions: {debuggerAddress: localhost:55435}, javascriptEnabled: true, networkConnectionEnabled: false, pageLoadStrategy: normal, platform: MAC, platformName: MAC, proxy: Proxy(), setWindowRect: true, strictFileInteractability: false, timeouts: {implicit: 0, pageLoad: 300000, script: 30000}, unhandledPromptBehavior: accept, webauthn:extension:largeBlob: true, webauthn:virtualAuthenticators: true}
Session ID: 3ca06f2a6f9aac4e31d93f6084e4a47f
	at sun.reflect.NativeConstructorAccessorImpl.newInstance0(Native Method)
	at sun.reflect.NativeConstructorAccessorImpl.newInstance(NativeConstructorAccessorImpl.java:62)
	at sun.reflect.DelegatingConstructorAccessorImpl.newInstance(DelegatingConstructorAccessorImpl.java:45)
	at java.lang.reflect.Constructor.newInstance(Constructor.java:423)
	at org.openqa.selenium.remote.http.W3CHttpResponseCodec.createException(W3CHttpResponseCodec.java:187)
	at org.openqa.selenium.remote.http.W3CHttpResponseCodec.decode(W3CHttpResponseCodec.java:122)
	at org.openqa.selenium.remote.http.W3CHttpResponseCodec.decode(W3CHttpResponseCodec.java:49)
	at org.openqa.selenium.remote.HttpCommandExecutor.execute(HttpCommandExecutor.java:158)
	at org.openqa.selenium.remote.service.DriverCommandExecutor.execute(DriverCommandExecutor.java:83)
	at org.openqa.selenium.remote.RemoteWebDriver.execute(RemoteWebDriver.java:552)
	at org.openqa.selenium.remote.RemoteWebElement.execute(RemoteWebElement.java:285)
	at org.openqa.selenium.remote.RemoteWebElement.sendKeys(RemoteWebElement.java:106)
	at sun.reflect.NativeMethodAccessorImpl.invoke0(Native Method)
	at sun.reflect.NativeMethodAccessorImpl.invoke(NativeMethodAccessorImpl.java:62)
	at sun.reflect.DelegatingMethodAccessorImpl.invoke(DelegatingMethodAccessorImpl.java:43)
	at java.lang.reflect.Method.invoke(Method.java:498)
	at org.openqa.selenium.support.pagefactory.internal.LocatingElementHandler.invoke(LocatingElementHandler.java:51)
	at com.sun.proxy.$Proxy23.sendKeys(Unknown Source)
	at webpages.LoginPage.setPassword(LoginPage.java:44)
	at stepdefinition.LoginWorkflow.user_enter_incorrect_password(LoginWorkflow.java:49)
	at ✽.User enter incorrect password(file:///Users/rishikhanna/Documents/cucumber/shopping/src/main/java/feature/LoginTest.feature:11)

  Then Message displayed Wrong UserName & Password              # stepdefinition.LoginWorkflow.message_displayed_wrong_user_name_password()
  And User is not logged-in.                                    # stepdefinition.LoginWorkflow.user_is_not_logged_in()
]]></system-out>
  </testcase>
</testsuite>