<?xml version="1.0" encoding="UTF-8"?>
<testng-results skipped="0" failed="0" ignored="0" total="2" passed="2">
  <reporter-output>
  </reporter-output>
  <suite name="Suite" duration-ms="41392" started-at="2021-07-07T19:43:20 IST" finished-at="2021-07-07T19:44:02 IST">
    <groups>
      <group name="smoke">
        <method signature="CustomAbstractTestNGCucumberRunner.scenario(io.cucumber.testng.PickleWrapper, io.cucumber.testng.FeatureWrapper)[pri:0, instance:com.cucumber.amazon.shopping.TestRunner@4f51b3e0]" name="scenario" class="WebdriverBase.CustomAbstractTestNGCucumberRunner"/>
      </group> <!-- smoke -->
    </groups>
    <test name="SmokeTest - Chrome Browser" duration-ms="41392" started-at="2021-07-07T19:43:20 IST" finished-at="2021-07-07T19:44:02 IST">
      <class name="com.cucumber.amazon.shopping.TestRunner">
        <test-method status="PASS" signature="initServer()[pri:0, instance:com.cucumber.amazon.shopping.TestRunner@4f51b3e0]" name="initServer" is-config="true" duration-ms="91" started-at="2021-07-07T19:43:20 IST" finished-at="2021-07-07T19:43:20 IST">
          <reporter-output>
          </reporter-output>
        </test-method> <!-- initServer -->
        <test-method status="PASS" signature="setUpClass()[pri:0, instance:com.cucumber.amazon.shopping.TestRunner@4f51b3e0]" name="setUpClass" is-config="true" duration-ms="5766" started-at="2021-07-07T19:43:20 IST" finished-at="2021-07-07T19:43:26 IST">
          <reporter-output>
          </reporter-output>
        </test-method> <!-- setUpClass -->
        <test-method status="PASS" signature="scenario(io.cucumber.testng.PickleWrapper, io.cucumber.testng.FeatureWrapper)[pri:0, instance:com.cucumber.amazon.shopping.TestRunner@4f51b3e0]" name="scenario" duration-ms="34336" started-at="2021-07-07T19:43:26 IST" description="Runs Cucumber Scenarios" data-provider="scenarios" finished-at="2021-07-07T19:44:01 IST">
          <params>
            <param index="0">
              <value>
                <![CDATA["Invalid Login Test"]]>
              </value>
            </param>
            <param index="1">
              <value>
                <![CDATA["Optional[Login Verification]"]]>
              </value>
            </param>
          </params>
          <reporter-output>
          </reporter-output>
        </test-method> <!-- scenario -->
        <test-method status="PASS" signature="scenario(io.cucumber.testng.PickleWrapper, io.cucumber.testng.FeatureWrapper)[pri:0, instance:com.cucumber.amazon.shopping.TestRunner@4f51b3e0]" name="scenario" duration-ms="35546" started-at="2021-07-07T19:43:26 IST" description="Runs Cucumber Scenarios" data-provider="scenarios" finished-at="2021-07-07T19:44:02 IST">
          <params>
            <param index="0">
              <value>
                <![CDATA["Invalid Login Test"]]>
              </value>
            </param>
            <param index="1">
              <value>
                <![CDATA["Optional[Login Verification]"]]>
              </value>
            </param>
          </params>
          <reporter-output>
          </reporter-output>
        </test-method> <!-- scenario -->
        <test-method status="PASS" signature="captureScreenshot(org.testng.ITestResult)[pri:0, instance:com.cucumber.amazon.shopping.TestRunner@4f51b3e0]" name="captureScreenshot" is-config="true" duration-ms="6" started-at="2021-07-07T19:44:01 IST" finished-at="2021-07-07T19:44:01 IST">
          <params>
            <param index="0">
              <value>
                <![CDATA[[TestResult name=scenario status=SUCCESS method=CustomAbstractTestNGCucumberRunner.scenario(io.cucumber.testng.PickleWrapper, io.cucumber.testng.FeatureWrapper)[pri:0, instance:com.cucumber.amazon.shopping.TestRunner@4f51b3e0] output={null}]]]>
              </value>
            </param>
          </params>
          <reporter-output>
          </reporter-output>
        </test-method> <!-- captureScreenshot -->
        <test-method status="PASS" signature="captureScreenshot(org.testng.ITestResult)[pri:0, instance:com.cucumber.amazon.shopping.TestRunner@4f51b3e0]" name="captureScreenshot" is-config="true" duration-ms="0" started-at="2021-07-07T19:44:02 IST" finished-at="2021-07-07T19:44:02 IST">
          <params>
            <param index="0">
              <value>
                <![CDATA[[TestResult name=scenario status=SUCCESS method=CustomAbstractTestNGCucumberRunner.scenario(io.cucumber.testng.PickleWrapper, io.cucumber.testng.FeatureWrapper)[pri:0, instance:com.cucumber.amazon.shopping.TestRunner@4f51b3e0] output={null}]]]>
              </value>
            </param>
          </params>
          <reporter-output>
          </reporter-output>
        </test-method> <!-- captureScreenshot -->
        <test-method status="PASS" signature="tearDownClass()[pri:0, instance:com.cucumber.amazon.shopping.TestRunner@4f51b3e0]" name="tearDownClass" is-config="true" duration-ms="20" started-at="2021-07-07T19:44:02 IST" finished-at="2021-07-07T19:44:02 IST">
          <reporter-output>
          </reporter-output>
        </test-method> <!-- tearDownClass -->
        <test-method status="PASS" signature="tearDown()[pri:0, instance:com.cucumber.amazon.shopping.TestRunner@4f51b3e0]" name="tearDown" is-config="true" duration-ms="304" started-at="2021-07-07T19:44:07 IST" finished-at="2021-07-07T19:44:07 IST">
          <reporter-output>
          </reporter-output>
        </test-method> <!-- tearDown -->
      </class> <!-- com.cucumber.amazon.shopping.TestRunner -->
    </test> <!-- SmokeTest - Chrome Browser -->
  </suite> <!-- Suite -->
</testng-results>
